<?xml version="1.0" encoding="UTF-8"?>
<!-- Generated by org.testng.reporters.JUnitXMLReporter -->
<testsuite hostname="tester-VirtualBox" ignored="3" name="Default test" tests="1" failures="0" timestamp="06 Dec 2019 11:36:43 GMT" time="16.497" errors="0">
  <testcase name="PozitivanTestPretrageZgrade1" time="1.132" classname="testCases.PregledZgradaTest"/>
  <testcase name="PozitivanTestPretrageZgrade3" time="0.0" classname="testCases.PregledZgradaTest">
    <ignored/>
  </testcase> <!-- PozitivanTestPretrageZgrade3 -->
  <testcase name="PozitivanTestPretrageZgrade2" time="0.0" classname="testCases.PregledZgradaTest">
    <ignored/>
  </testcase> <!-- PozitivanTestPretrageZgrade2 -->
  <testcase name="PozitivanTestPretrageZgrade4" time="0.0" classname="testCases.PregledZgradaTest">
    <ignored/>
  </testcase> <!-- PozitivanTestPretrageZgrade4 -->
</testsuite> <!-- Default test -->
